<?xml version="1.0" encoding="UTF-8"?>
<testng-results skipped="0" failed="0" total="6" passed="6">
  <reporter-output>
  </reporter-output>
  <suite name="Default suite" duration-ms="3489" started-at="2012-12-10T08:22:40Z" finished-at="2012-12-10T08:22:44Z">
    <groups>
    </groups>
    <test name="Default test" duration-ms="3489" started-at="2012-12-10T08:22:40Z" finished-at="2012-12-10T08:22:44Z">
      <class name="sh.calaba.driver.server.CalabashNodeConfigurationTest">
        <test-method status="PASS" signature="testReadConfigByFile()[pri:0, instance:sh.calaba.driver.server.CalabashNodeConfigurationTest@10ad8659]" name="testReadConfigByFile" duration-ms="150" started-at="2012-12-10T09:22:40Z" finished-at="2012-12-10T09:22:40Z">
          <reporter-output>
          </reporter-output>
        </test-method> <!-- testReadConfigByFile -->
        <test-method status="PASS" signature="testReadConfigByFileInvalidFilePath()[pri:0, instance:sh.calaba.driver.server.CalabashNodeConfigurationTest@10ad8659]" name="testReadConfigByFileInvalidFilePath" duration-ms="1" started-at="2012-12-10T09:22:40Z" finished-at="2012-12-10T09:22:40Z">
          <exception class="sh.calaba.driver.server.exceptions.CalabashConfigurationException">
            <message>
              <![CDATA[Error reading file content. Did you have specified the right file name and path?]]>
            </message>
            <full-stacktrace>
              <![CDATA[sh.calaba.driver.server.exceptions.CalabashConfigurationException: Error reading file content. Did you have specified the right file name and path?
	at sh.calaba.driver.server.CalabashNodeConfiguration.readFromFile(CalabashNodeConfiguration.java:92)
	at sh.calaba.driver.server.CalabashNodeConfigurationTest.testReadConfigByFileInvalidFilePath(CalabashNodeConfigurationTest.java:50)
	at sun.reflect.NativeMethodAccessorImpl.invoke0(Native Method)
	at sun.reflect.NativeMethodAccessorImpl.invoke(NativeMethodAccessorImpl.java:39)
	at sun.reflect.DelegatingMethodAccessorImpl.invoke(DelegatingMethodAccessorImpl.java:25)
	at java.lang.reflect.Method.invoke(Method.java:597)
	at org.testng.internal.MethodInvocationHelper.invokeMethod(MethodInvocationHelper.java:80)
	at org.testng.internal.Invoker.invokeMethod(Invoker.java:714)
	at org.testng.internal.Invoker.invokeTestMethod(Invoker.java:901)
	at org.testng.internal.Invoker.invokeTestMethods(Invoker.java:1231)
	at org.testng.internal.TestMethodWorker.invokeTestMethods(TestMethodWorker.java:128)
	at org.testng.internal.TestMethodWorker.run(TestMethodWorker.java:111)
	at org.testng.TestRunner.privateRun(TestRunner.java:767)
	at org.testng.TestRunner.run(TestRunner.java:617)
	at org.testng.SuiteRunner.runTest(SuiteRunner.java:334)
	at org.testng.SuiteRunner.runSequentially(SuiteRunner.java:329)
	at org.testng.SuiteRunner.privateRun(SuiteRunner.java:291)
	at org.testng.SuiteRunner.run(SuiteRunner.java:240)
	at org.testng.SuiteRunnerWorker.runSuite(SuiteRunnerWorker.java:52)
	at org.testng.SuiteRunnerWorker.run(SuiteRunnerWorker.java:86)
	at org.testng.TestNG.runSuitesSequentially(TestNG.java:1203)
	at org.testng.TestNG.runSuitesLocally(TestNG.java:1128)
	at org.testng.TestNG.run(TestNG.java:1036)
	at org.testng.remote.RemoteTestNG.run(RemoteTestNG.java:111)
	at org.testng.remote.RemoteTestNG.initAndRun(RemoteTestNG.java:204)
	at org.testng.remote.RemoteTestNG.main(RemoteTestNG.java:175)
Caused by: java.io.FileNotFoundException: File '' does not exist
	at org.apache.commons.io.FileUtils.openInputStream(FileUtils.java:254)
	at org.apache.commons.io.FileUtils.readFileToString(FileUtils.java:1641)
	at org.apache.commons.io.FileUtils.readFileToString(FileUtils.java:1659)
	at sh.calaba.driver.server.CalabashNodeConfiguration.readFromFile(CalabashNodeConfiguration.java:90)
	... 25 more
]]>
            </full-stacktrace>
          </exception> <!-- sh.calaba.driver.server.exceptions.CalabashConfigurationException -->
          <reporter-output>
          </reporter-output>
        </test-method> <!-- testReadConfigByFileInvalidFilePath -->
        <test-method status="PASS" signature="testReadConfigByFileNullInput()[pri:0, instance:sh.calaba.driver.server.CalabashNodeConfigurationTest@10ad8659]" name="testReadConfigByFileNullInput" duration-ms="1" started-at="2012-12-10T09:22:40Z" finished-at="2012-12-10T09:22:40Z">
          <exception class="java.security.InvalidParameterException">
            <message>
              <![CDATA[Calabash-Driver Configuration-File is missing. Pls specifiy name like: calabashNode.json]]>
            </message>
            <full-stacktrace>
              <![CDATA[java.security.InvalidParameterException: Calabash-Driver Configuration-File is missing. Pls specifiy name like: calabashNode.json
	at sh.calaba.driver.server.CalabashNodeConfiguration.readFromFile(CalabashNodeConfiguration.java:85)
	at sh.calaba.driver.server.CalabashNodeConfigurationTest.testReadConfigByFileNullInput(CalabashNodeConfigurationTest.java:55)
	at sun.reflect.NativeMethodAccessorImpl.invoke0(Native Method)
	at sun.reflect.NativeMethodAccessorImpl.invoke(NativeMethodAccessorImpl.java:39)
	at sun.reflect.DelegatingMethodAccessorImpl.invoke(DelegatingMethodAccessorImpl.java:25)
	at java.lang.reflect.Method.invoke(Method.java:597)
	at org.testng.internal.MethodInvocationHelper.invokeMethod(MethodInvocationHelper.java:80)
	at org.testng.internal.Invoker.invokeMethod(Invoker.java:714)
	at org.testng.internal.Invoker.invokeTestMethod(Invoker.java:901)
	at org.testng.internal.Invoker.invokeTestMethods(Invoker.java:1231)
	at org.testng.internal.TestMethodWorker.invokeTestMethods(TestMethodWorker.java:128)
	at org.testng.internal.TestMethodWorker.run(TestMethodWorker.java:111)
	at org.testng.TestRunner.privateRun(TestRunner.java:767)
	at org.testng.TestRunner.run(TestRunner.java:617)
	at org.testng.SuiteRunner.runTest(SuiteRunner.java:334)
	at org.testng.SuiteRunner.runSequentially(SuiteRunner.java:329)
	at org.testng.SuiteRunner.privateRun(SuiteRunner.java:291)
	at org.testng.SuiteRunner.run(SuiteRunner.java:240)
	at org.testng.SuiteRunnerWorker.runSuite(SuiteRunnerWorker.java:52)
	at org.testng.SuiteRunnerWorker.run(SuiteRunnerWorker.java:86)
	at org.testng.TestNG.runSuitesSequentially(TestNG.java:1203)
	at org.testng.TestNG.runSuitesLocally(TestNG.java:1128)
	at org.testng.TestNG.run(TestNG.java:1036)
	at org.testng.remote.RemoteTestNG.run(RemoteTestNG.java:111)
	at org.testng.remote.RemoteTestNG.initAndRun(RemoteTestNG.java:204)
	at org.testng.remote.RemoteTestNG.main(RemoteTestNG.java:175)
]]>
            </full-stacktrace>
          </exception> <!-- java.security.InvalidParameterException -->
          <reporter-output>
          </reporter-output>
        </test-method> <!-- testReadConfigByFileNullInput -->
        <test-method status="PASS" signature="testReadConfigByURI()[pri:0, instance:sh.calaba.driver.server.CalabashNodeConfigurationTest@10ad8659]" name="testReadConfigByURI" duration-ms="3316" started-at="2012-12-10T09:22:40Z" finished-at="2012-12-10T09:22:44Z">
          <reporter-output>
          </reporter-output>
        </test-method> <!-- testReadConfigByURI -->
        <test-method status="PASS" signature="testReadConfigByURIInvalidURI()[pri:0, instance:sh.calaba.driver.server.CalabashNodeConfigurationTest@10ad8659]" name="testReadConfigByURIInvalidURI" duration-ms="1" started-at="2012-12-10T09:22:44Z" finished-at="2012-12-10T09:22:44Z">
          <exception class="java.security.InvalidParameterException">
            <message>
              <![CDATA[Calabash-Driver Configuration-URI is invalid.]]>
            </message>
            <full-stacktrace>
              <![CDATA[java.security.InvalidParameterException: Calabash-Driver Configuration-URI is invalid.
	at sh.calaba.driver.server.CalabashNodeConfiguration.readFromURI(CalabashNodeConfiguration.java:119)
	at sh.calaba.driver.server.CalabashNodeConfigurationTest.testReadConfigByURIInvalidURI(CalabashNodeConfigurationTest.java:60)
	at sun.reflect.NativeMethodAccessorImpl.invoke0(Native Method)
	at sun.reflect.NativeMethodAccessorImpl.invoke(NativeMethodAccessorImpl.java:39)
	at sun.reflect.DelegatingMethodAccessorImpl.invoke(DelegatingMethodAccessorImpl.java:25)
	at java.lang.reflect.Method.invoke(Method.java:597)
	at org.testng.internal.MethodInvocationHelper.invokeMethod(MethodInvocationHelper.java:80)
	at org.testng.internal.Invoker.invokeMethod(Invoker.java:714)
	at org.testng.internal.Invoker.invokeTestMethod(Invoker.java:901)
	at org.testng.internal.Invoker.invokeTestMethods(Invoker.java:1231)
	at org.testng.internal.TestMethodWorker.invokeTestMethods(TestMethodWorker.java:128)
	at org.testng.internal.TestMethodWorker.run(TestMethodWorker.java:111)
	at org.testng.TestRunner.privateRun(TestRunner.java:767)
	at org.testng.TestRunner.run(TestRunner.java:617)
	at org.testng.SuiteRunner.runTest(SuiteRunner.java:334)
	at org.testng.SuiteRunner.runSequentially(SuiteRunner.java:329)
	at org.testng.SuiteRunner.privateRun(SuiteRunner.java:291)
	at org.testng.SuiteRunner.run(SuiteRunner.java:240)
	at org.testng.SuiteRunnerWorker.runSuite(SuiteRunnerWorker.java:52)
	at org.testng.SuiteRunnerWorker.run(SuiteRunnerWorker.java:86)
	at org.testng.TestNG.runSuitesSequentially(TestNG.java:1203)
	at org.testng.TestNG.runSuitesLocally(TestNG.java:1128)
	at org.testng.TestNG.run(TestNG.java:1036)
	at org.testng.remote.RemoteTestNG.run(RemoteTestNG.java:111)
	at org.testng.remote.RemoteTestNG.initAndRun(RemoteTestNG.java:204)
	at org.testng.remote.RemoteTestNG.main(RemoteTestNG.java:175)
]]>
            </full-stacktrace>
          </exception> <!-- java.security.InvalidParameterException -->
          <reporter-output>
          </reporter-output>
        </test-method> <!-- testReadConfigByURIInvalidURI -->
        <test-method status="PASS" signature="testReadConfigByURINullInput()[pri:0, instance:sh.calaba.driver.server.CalabashNodeConfigurationTest@10ad8659]" name="testReadConfigByURINullInput" duration-ms="1" started-at="2012-12-10T09:22:44Z" finished-at="2012-12-10T09:22:44Z">
          <exception class="java.security.InvalidParameterException">
            <message>
              <![CDATA[Calabash-Driver Configuration-URI is missing.]]>
            </message>
            <full-stacktrace>
              <![CDATA[java.security.InvalidParameterException: Calabash-Driver Configuration-URI is missing.
	at sh.calaba.driver.server.CalabashNodeConfiguration.readFromURI(CalabashNodeConfiguration.java:116)
	at sh.calaba.driver.server.CalabashNodeConfigurationTest.testReadConfigByURINullInput(CalabashNodeConfigurationTest.java:65)
	at sun.reflect.NativeMethodAccessorImpl.invoke0(Native Method)
	at sun.reflect.NativeMethodAccessorImpl.invoke(NativeMethodAccessorImpl.java:39)
	at sun.reflect.DelegatingMethodAccessorImpl.invoke(DelegatingMethodAccessorImpl.java:25)
	at java.lang.reflect.Method.invoke(Method.java:597)
	at org.testng.internal.MethodInvocationHelper.invokeMethod(MethodInvocationHelper.java:80)
	at org.testng.internal.Invoker.invokeMethod(Invoker.java:714)
	at org.testng.internal.Invoker.invokeTestMethod(Invoker.java:901)
	at org.testng.internal.Invoker.invokeTestMethods(Invoker.java:1231)
	at org.testng.internal.TestMethodWorker.invokeTestMethods(TestMethodWorker.java:128)
	at org.testng.internal.TestMethodWorker.run(TestMethodWorker.java:111)
	at org.testng.TestRunner.privateRun(TestRunner.java:767)
	at org.testng.TestRunner.run(TestRunner.java:617)
	at org.testng.SuiteRunner.runTest(SuiteRunner.java:334)
	at org.testng.SuiteRunner.runSequentially(SuiteRunner.java:329)
	at org.testng.SuiteRunner.privateRun(SuiteRunner.java:291)
	at org.testng.SuiteRunner.run(SuiteRunner.java:240)
	at org.testng.SuiteRunnerWorker.runSuite(SuiteRunnerWorker.java:52)
	at org.testng.SuiteRunnerWorker.run(SuiteRunnerWorker.java:86)
	at org.testng.TestNG.runSuitesSequentially(TestNG.java:1203)
	at org.testng.TestNG.runSuitesLocally(TestNG.java:1128)
	at org.testng.TestNG.run(TestNG.java:1036)
	at org.testng.remote.RemoteTestNG.run(RemoteTestNG.java:111)
	at org.testng.remote.RemoteTestNG.initAndRun(RemoteTestNG.java:204)
	at org.testng.remote.RemoteTestNG.main(RemoteTestNG.java:175)
]]>
            </full-stacktrace>
          </exception> <!-- java.security.InvalidParameterException -->
          <reporter-output>
          </reporter-output>
        </test-method> <!-- testReadConfigByURINullInput -->
      </class> <!-- sh.calaba.driver.server.CalabashNodeConfigurationTest -->
    </test> <!-- Default test -->
  </suite> <!-- Default suite -->
</testng-results>
