<?xml version="1.0" encoding="UTF-8"?>
<testng-results skipped="0" failed="0" total="12" passed="12">
  <reporter-output>
  </reporter-output>
  <suite name="Command line suite" duration-ms="6501" started-at="2012-12-12T22:42:23Z" finished-at="2012-12-12T22:42:29Z">
    <groups>
    </groups>
    <test name="Command line test" duration-ms="6501" started-at="2012-12-12T22:42:23Z" finished-at="2012-12-12T22:42:29Z">
      <class name="sh.calaba.driver.server.CalabashInstrumentationServerStubTest">
        <test-method status="PASS" signature="startServer()[pri:0, instance:sh.calaba.driver.server.CalabashInstrumentationServerStubTest@3b562036]" name="startServer" is-config="true" duration-ms="3018" started-at="2012-12-12T22:42:23Z" finished-at="2012-12-12T22:42:26Z">
        </test-method>
        <test-method status="PASS" signature="runServer()[pri:0, instance:sh.calaba.driver.server.CalabashInstrumentationServerStubTest@3b562036]" name="runServer" duration-ms="411" started-at="2012-12-12T22:42:26Z" finished-at="2012-12-12T22:42:26Z">
        </test-method>
        <test-method status="PASS" signature="shutdown()[pri:0, instance:sh.calaba.driver.server.CalabashInstrumentationServerStubTest@3b562036]" name="shutdown" is-config="true" duration-ms="1" started-at="2012-12-12T22:42:26Z" finished-at="2012-12-12T22:42:26Z">
        </test-method>
      </class>
      <class name="sh.calaba.driver.server.internal.impl.CalabashCapabilityMatcherTest">
        <test-method status="PASS" signature="setup()[pri:0, instance:sh.calaba.driver.server.internal.impl.CalabashCapabilityMatcherTest@1813ed0e]" name="setup" is-config="true" duration-ms="9" started-at="2012-12-12T22:42:23Z" finished-at="2012-12-12T22:42:23Z">
        </test-method>
        <test-method status="PASS" signature="doesntMatchConsideredCapa()[pri:0, instance:sh.calaba.driver.server.internal.impl.CalabashCapabilityMatcherTest@1813ed0e]" name="doesntMatchConsideredCapa" duration-ms="3" started-at="2012-12-12T22:42:23Z" finished-at="2012-12-12T22:42:23Z">
        </test-method>
        <test-method status="PASS" signature="doesntMatchMinimumCapa()[pri:0, instance:sh.calaba.driver.server.internal.impl.CalabashCapabilityMatcherTest@1813ed0e]" name="doesntMatchMinimumCapa" duration-ms="0" started-at="2012-12-12T22:42:23Z" finished-at="2012-12-12T22:42:23Z">
        </test-method>
        <test-method status="PASS" signature="matchConsideredCapa()[pri:0, instance:sh.calaba.driver.server.internal.impl.CalabashCapabilityMatcherTest@1813ed0e]" name="matchConsideredCapa" duration-ms="0" started-at="2012-12-12T22:42:23Z" finished-at="2012-12-12T22:42:23Z">
        </test-method>
        <test-method status="PASS" signature="matchMinimumCapa()[pri:0, instance:sh.calaba.driver.server.internal.impl.CalabashCapabilityMatcherTest@1813ed0e]" name="matchMinimumCapa" duration-ms="0" started-at="2012-12-12T22:42:23Z" finished-at="2012-12-12T22:42:23Z">
        </test-method>
        <test-method status="PASS" signature="onlyDefaultCapabilitiesAreConsidered()[pri:0, instance:sh.calaba.driver.server.internal.impl.CalabashCapabilityMatcherTest@1813ed0e]" name="onlyDefaultCapabilitiesAreConsidered" duration-ms="0" started-at="2012-12-12T22:42:23Z" finished-at="2012-12-12T22:42:23Z">
        </test-method>
      </class>
      <class name="sh.calaba.driver.server.CalabashNodeConfigurationTest">
        <test-method status="PASS" signature="testReadConfigByFile()[pri:0, instance:sh.calaba.driver.server.CalabashNodeConfigurationTest@44303e7b]" name="testReadConfigByFile" duration-ms="24" started-at="2012-12-12T22:42:26Z" finished-at="2012-12-12T22:42:26Z">
        </test-method>
        <test-method status="PASS" signature="testReadConfigByFileInvalidFilePath()[pri:0, instance:sh.calaba.driver.server.CalabashNodeConfigurationTest@44303e7b]" name="testReadConfigByFileInvalidFilePath" duration-ms="0" started-at="2012-12-12T22:42:26Z" finished-at="2012-12-12T22:42:26Z">
          <exception class="sh.calaba.driver.server.exceptions.CalabashConfigurationException">
            <message>
              <![CDATA[Error reading file content. Did you have specified the right file name and path?]]>
            </message>
            <full-stacktrace>
              <![CDATA[sh.calaba.driver.server.exceptions.CalabashConfigurationException: Error reading file content. Did you have specified the right file name and path?
	at sh.calaba.driver.server.CalabashNodeConfiguration.readFromFile(CalabashNodeConfiguration.java:92)
	at sh.calaba.driver.server.CalabashNodeConfigurationTest.testReadConfigByFileInvalidFilePath(CalabashNodeConfigurationTest.java:50)
	at sun.reflect.NativeMethodAccessorImpl.invoke0(Native Method)
	at sun.reflect.NativeMethodAccessorImpl.invoke(NativeMethodAccessorImpl.java:57)
	at sun.reflect.DelegatingMethodAccessorImpl.invoke(DelegatingMethodAccessorImpl.java:43)
	at java.lang.reflect.Method.invoke(Method.java:601)
	at org.testng.internal.MethodInvocationHelper.invokeMethod(MethodInvocationHelper.java:80)
	at org.testng.internal.Invoker.invokeMethod(Invoker.java:691)
	at org.testng.internal.Invoker.invokeTestMethod(Invoker.java:883)
	at org.testng.internal.Invoker.invokeTestMethods(Invoker.java:1208)
	at org.testng.internal.TestMethodWorker.invokeTestMethods(TestMethodWorker.java:127)
	at org.testng.internal.TestMethodWorker.run(TestMethodWorker.java:111)
	at org.testng.TestRunner.privateRun(TestRunner.java:753)
	at org.testng.TestRunner.run(TestRunner.java:613)
	at org.testng.SuiteRunner.runTest(SuiteRunner.java:335)
	at org.testng.SuiteRunner.runSequentially(SuiteRunner.java:330)
	at org.testng.SuiteRunner.privateRun(SuiteRunner.java:292)
	at org.testng.SuiteRunner.run(SuiteRunner.java:241)
	at org.testng.SuiteRunnerWorker.runSuite(SuiteRunnerWorker.java:52)
	at org.testng.SuiteRunnerWorker.run(SuiteRunnerWorker.java:86)
	at org.testng.TestNG.runSuitesSequentially(TestNG.java:1169)
	at org.testng.TestNG.runSuitesLocally(TestNG.java:1094)
	at org.testng.TestNG.run(TestNG.java:1006)
	at org.apache.maven.surefire.testng.TestNGExecutor.run(TestNGExecutor.java:60)
	at org.apache.maven.surefire.testng.TestNGDirectoryTestSuite.executeMulti(TestNGDirectoryTestSuite.java:153)
	at org.apache.maven.surefire.testng.TestNGDirectoryTestSuite.execute(TestNGDirectoryTestSuite.java:99)
	at org.apache.maven.surefire.testng.TestNGProvider.invoke(TestNGProvider.java:111)
	at sun.reflect.NativeMethodAccessorImpl.invoke0(Native Method)
	at sun.reflect.NativeMethodAccessorImpl.invoke(NativeMethodAccessorImpl.java:57)
	at sun.reflect.DelegatingMethodAccessorImpl.invoke(DelegatingMethodAccessorImpl.java:43)
	at java.lang.reflect.Method.invoke(Method.java:601)
	at org.apache.maven.surefire.booter.ProviderFactory$ClassLoaderProxy.invoke(ProviderFactory.java:103)
	at $Proxy0.invoke(Unknown Source)
	at org.apache.maven.surefire.booter.SurefireStarter.invokeProvider(SurefireStarter.java:150)
	at org.apache.maven.surefire.booter.SurefireStarter.runSuitesInProcess(SurefireStarter.java:91)
	at org.apache.maven.surefire.booter.ForkedBooter.main(ForkedBooter.java:69)
Caused by: java.io.FileNotFoundException: File '' does not exist
	at org.apache.commons.io.FileUtils.openInputStream(FileUtils.java:254)
	at org.apache.commons.io.FileUtils.readFileToString(FileUtils.java:1641)
	at org.apache.commons.io.FileUtils.readFileToString(FileUtils.java:1659)
	at sh.calaba.driver.server.CalabashNodeConfiguration.readFromFile(CalabashNodeConfiguration.java:90)
	... 35 more
]]>
            </full-stacktrace>
          </exception>
        </test-method>
        <test-method status="PASS" signature="testReadConfigByFileNullInput()[pri:0, instance:sh.calaba.driver.server.CalabashNodeConfigurationTest@44303e7b]" name="testReadConfigByFileNullInput" duration-ms="0" started-at="2012-12-12T22:42:26Z" finished-at="2012-12-12T22:42:26Z">
          <exception class="java.security.InvalidParameterException">
            <message>
              <![CDATA[Calabash-Driver Configuration-File is missing. Pls specifiy name like: calabashNode.json]]>
            </message>
            <full-stacktrace>
              <![CDATA[java.security.InvalidParameterException: Calabash-Driver Configuration-File is missing. Pls specifiy name like: calabashNode.json
	at sh.calaba.driver.server.CalabashNodeConfiguration.readFromFile(CalabashNodeConfiguration.java:85)
	at sh.calaba.driver.server.CalabashNodeConfigurationTest.testReadConfigByFileNullInput(CalabashNodeConfigurationTest.java:55)
	at sun.reflect.NativeMethodAccessorImpl.invoke0(Native Method)
	at sun.reflect.NativeMethodAccessorImpl.invoke(NativeMethodAccessorImpl.java:57)
	at sun.reflect.DelegatingMethodAccessorImpl.invoke(DelegatingMethodAccessorImpl.java:43)
	at java.lang.reflect.Method.invoke(Method.java:601)
	at org.testng.internal.MethodInvocationHelper.invokeMethod(MethodInvocationHelper.java:80)
	at org.testng.internal.Invoker.invokeMethod(Invoker.java:691)
	at org.testng.internal.Invoker.invokeTestMethod(Invoker.java:883)
	at org.testng.internal.Invoker.invokeTestMethods(Invoker.java:1208)
	at org.testng.internal.TestMethodWorker.invokeTestMethods(TestMethodWorker.java:127)
	at org.testng.internal.TestMethodWorker.run(TestMethodWorker.java:111)
	at org.testng.TestRunner.privateRun(TestRunner.java:753)
	at org.testng.TestRunner.run(TestRunner.java:613)
	at org.testng.SuiteRunner.runTest(SuiteRunner.java:335)
	at org.testng.SuiteRunner.runSequentially(SuiteRunner.java:330)
	at org.testng.SuiteRunner.privateRun(SuiteRunner.java:292)
	at org.testng.SuiteRunner.run(SuiteRunner.java:241)
	at org.testng.SuiteRunnerWorker.runSuite(SuiteRunnerWorker.java:52)
	at org.testng.SuiteRunnerWorker.run(SuiteRunnerWorker.java:86)
	at org.testng.TestNG.runSuitesSequentially(TestNG.java:1169)
	at org.testng.TestNG.runSuitesLocally(TestNG.java:1094)
	at org.testng.TestNG.run(TestNG.java:1006)
	at org.apache.maven.surefire.testng.TestNGExecutor.run(TestNGExecutor.java:60)
	at org.apache.maven.surefire.testng.TestNGDirectoryTestSuite.executeMulti(TestNGDirectoryTestSuite.java:153)
	at org.apache.maven.surefire.testng.TestNGDirectoryTestSuite.execute(TestNGDirectoryTestSuite.java:99)
	at org.apache.maven.surefire.testng.TestNGProvider.invoke(TestNGProvider.java:111)
	at sun.reflect.NativeMethodAccessorImpl.invoke0(Native Method)
	at sun.reflect.NativeMethodAccessorImpl.invoke(NativeMethodAccessorImpl.java:57)
	at sun.reflect.DelegatingMethodAccessorImpl.invoke(DelegatingMethodAccessorImpl.java:43)
	at java.lang.reflect.Method.invoke(Method.java:601)
	at org.apache.maven.surefire.booter.ProviderFactory$ClassLoaderProxy.invoke(ProviderFactory.java:103)
	at $Proxy0.invoke(Unknown Source)
	at org.apache.maven.surefire.booter.SurefireStarter.invokeProvider(SurefireStarter.java:150)
	at org.apache.maven.surefire.booter.SurefireStarter.runSuitesInProcess(SurefireStarter.java:91)
	at org.apache.maven.surefire.booter.ForkedBooter.main(ForkedBooter.java:69)
]]>
            </full-stacktrace>
          </exception>
        </test-method>
        <test-method status="PASS" signature="testReadConfigByURI()[pri:0, instance:sh.calaba.driver.server.CalabashNodeConfigurationTest@44303e7b]" name="testReadConfigByURI" duration-ms="3015" started-at="2012-12-12T22:42:26Z" finished-at="2012-12-12T22:42:29Z">
        </test-method>
        <test-method status="PASS" signature="testReadConfigByURIInvalidURI()[pri:0, instance:sh.calaba.driver.server.CalabashNodeConfigurationTest@44303e7b]" name="testReadConfigByURIInvalidURI" duration-ms="0" started-at="2012-12-12T22:42:29Z" finished-at="2012-12-12T22:42:29Z">
          <exception class="java.security.InvalidParameterException">
            <message>
              <![CDATA[Calabash-Driver Configuration-URI is invalid.]]>
            </message>
            <full-stacktrace>
              <![CDATA[java.security.InvalidParameterException: Calabash-Driver Configuration-URI is invalid.
	at sh.calaba.driver.server.CalabashNodeConfiguration.readFromURI(CalabashNodeConfiguration.java:119)
	at sh.calaba.driver.server.CalabashNodeConfigurationTest.testReadConfigByURIInvalidURI(CalabashNodeConfigurationTest.java:60)
	at sun.reflect.NativeMethodAccessorImpl.invoke0(Native Method)
	at sun.reflect.NativeMethodAccessorImpl.invoke(NativeMethodAccessorImpl.java:57)
	at sun.reflect.DelegatingMethodAccessorImpl.invoke(DelegatingMethodAccessorImpl.java:43)
	at java.lang.reflect.Method.invoke(Method.java:601)
	at org.testng.internal.MethodInvocationHelper.invokeMethod(MethodInvocationHelper.java:80)
	at org.testng.internal.Invoker.invokeMethod(Invoker.java:691)
	at org.testng.internal.Invoker.invokeTestMethod(Invoker.java:883)
	at org.testng.internal.Invoker.invokeTestMethods(Invoker.java:1208)
	at org.testng.internal.TestMethodWorker.invokeTestMethods(TestMethodWorker.java:127)
	at org.testng.internal.TestMethodWorker.run(TestMethodWorker.java:111)
	at org.testng.TestRunner.privateRun(TestRunner.java:753)
	at org.testng.TestRunner.run(TestRunner.java:613)
	at org.testng.SuiteRunner.runTest(SuiteRunner.java:335)
	at org.testng.SuiteRunner.runSequentially(SuiteRunner.java:330)
	at org.testng.SuiteRunner.privateRun(SuiteRunner.java:292)
	at org.testng.SuiteRunner.run(SuiteRunner.java:241)
	at org.testng.SuiteRunnerWorker.runSuite(SuiteRunnerWorker.java:52)
	at org.testng.SuiteRunnerWorker.run(SuiteRunnerWorker.java:86)
	at org.testng.TestNG.runSuitesSequentially(TestNG.java:1169)
	at org.testng.TestNG.runSuitesLocally(TestNG.java:1094)
	at org.testng.TestNG.run(TestNG.java:1006)
	at org.apache.maven.surefire.testng.TestNGExecutor.run(TestNGExecutor.java:60)
	at org.apache.maven.surefire.testng.TestNGDirectoryTestSuite.executeMulti(TestNGDirectoryTestSuite.java:153)
	at org.apache.maven.surefire.testng.TestNGDirectoryTestSuite.execute(TestNGDirectoryTestSuite.java:99)
	at org.apache.maven.surefire.testng.TestNGProvider.invoke(TestNGProvider.java:111)
	at sun.reflect.NativeMethodAccessorImpl.invoke0(Native Method)
	at sun.reflect.NativeMethodAccessorImpl.invoke(NativeMethodAccessorImpl.java:57)
	at sun.reflect.DelegatingMethodAccessorImpl.invoke(DelegatingMethodAccessorImpl.java:43)
	at java.lang.reflect.Method.invoke(Method.java:601)
	at org.apache.maven.surefire.booter.ProviderFactory$ClassLoaderProxy.invoke(ProviderFactory.java:103)
	at $Proxy0.invoke(Unknown Source)
	at org.apache.maven.surefire.booter.SurefireStarter.invokeProvider(SurefireStarter.java:150)
	at org.apache.maven.surefire.booter.SurefireStarter.runSuitesInProcess(SurefireStarter.java:91)
	at org.apache.maven.surefire.booter.ForkedBooter.main(ForkedBooter.java:69)
]]>
            </full-stacktrace>
          </exception>
        </test-method>
        <test-method status="PASS" signature="testReadConfigByURINullInput()[pri:0, instance:sh.calaba.driver.server.CalabashNodeConfigurationTest@44303e7b]" name="testReadConfigByURINullInput" duration-ms="0" started-at="2012-12-12T22:42:29Z" finished-at="2012-12-12T22:42:29Z">
          <exception class="java.security.InvalidParameterException">
            <message>
              <![CDATA[Calabash-Driver Configuration-URI is missing.]]>
            </message>
            <full-stacktrace>
              <![CDATA[java.security.InvalidParameterException: Calabash-Driver Configuration-URI is missing.
	at sh.calaba.driver.server.CalabashNodeConfiguration.readFromURI(CalabashNodeConfiguration.java:116)
	at sh.calaba.driver.server.CalabashNodeConfigurationTest.testReadConfigByURINullInput(CalabashNodeConfigurationTest.java:65)
	at sun.reflect.NativeMethodAccessorImpl.invoke0(Native Method)
	at sun.reflect.NativeMethodAccessorImpl.invoke(NativeMethodAccessorImpl.java:57)
	at sun.reflect.DelegatingMethodAccessorImpl.invoke(DelegatingMethodAccessorImpl.java:43)
	at java.lang.reflect.Method.invoke(Method.java:601)
	at org.testng.internal.MethodInvocationHelper.invokeMethod(MethodInvocationHelper.java:80)
	at org.testng.internal.Invoker.invokeMethod(Invoker.java:691)
	at org.testng.internal.Invoker.invokeTestMethod(Invoker.java:883)
	at org.testng.internal.Invoker.invokeTestMethods(Invoker.java:1208)
	at org.testng.internal.TestMethodWorker.invokeTestMethods(TestMethodWorker.java:127)
	at org.testng.internal.TestMethodWorker.run(TestMethodWorker.java:111)
	at org.testng.TestRunner.privateRun(TestRunner.java:753)
	at org.testng.TestRunner.run(TestRunner.java:613)
	at org.testng.SuiteRunner.runTest(SuiteRunner.java:335)
	at org.testng.SuiteRunner.runSequentially(SuiteRunner.java:330)
	at org.testng.SuiteRunner.privateRun(SuiteRunner.java:292)
	at org.testng.SuiteRunner.run(SuiteRunner.java:241)
	at org.testng.SuiteRunnerWorker.runSuite(SuiteRunnerWorker.java:52)
	at org.testng.SuiteRunnerWorker.run(SuiteRunnerWorker.java:86)
	at org.testng.TestNG.runSuitesSequentially(TestNG.java:1169)
	at org.testng.TestNG.runSuitesLocally(TestNG.java:1094)
	at org.testng.TestNG.run(TestNG.java:1006)
	at org.apache.maven.surefire.testng.TestNGExecutor.run(TestNGExecutor.java:60)
	at org.apache.maven.surefire.testng.TestNGDirectoryTestSuite.executeMulti(TestNGDirectoryTestSuite.java:153)
	at org.apache.maven.surefire.testng.TestNGDirectoryTestSuite.execute(TestNGDirectoryTestSuite.java:99)
	at org.apache.maven.surefire.testng.TestNGProvider.invoke(TestNGProvider.java:111)
	at sun.reflect.NativeMethodAccessorImpl.invoke0(Native Method)
	at sun.reflect.NativeMethodAccessorImpl.invoke(NativeMethodAccessorImpl.java:57)
	at sun.reflect.DelegatingMethodAccessorImpl.invoke(DelegatingMethodAccessorImpl.java:43)
	at java.lang.reflect.Method.invoke(Method.java:601)
	at org.apache.maven.surefire.booter.ProviderFactory$ClassLoaderProxy.invoke(ProviderFactory.java:103)
	at $Proxy0.invoke(Unknown Source)
	at org.apache.maven.surefire.booter.SurefireStarter.invokeProvider(SurefireStarter.java:150)
	at org.apache.maven.surefire.booter.SurefireStarter.runSuitesInProcess(SurefireStarter.java:91)
	at org.apache.maven.surefire.booter.ForkedBooter.main(ForkedBooter.java:69)
]]>
            </full-stacktrace>
          </exception>
        </test-method>
      </class>
    </test>
  </suite>
</testng-results>
