<html>
<head>
<title>TestNG:  Command line test</title>
<link href="../testng.css" rel="stylesheet" type="text/css" />
<link href="../my-testng.css" rel="stylesheet" type="text/css" />

<style type="text/css">
.log { display: none;} 
.stack-trace { display: none;} 
</style>
<script type="text/javascript">
<!--
function flip(e) {
  current = e.style.display;
  if (current == 'block') {
    e.style.display = 'none';
    return 0;
  }
  else {
    e.style.display = 'block';
    return 1;
  }
}

function toggleBox(szDivId, elem, msg1, msg2)
{
  var res = -1;  if (document.getElementById) {
    res = flip(document.getElementById(szDivId));
  }
  else if (document.all) {
    // this is the way old msie versions work
    res = flip(document.all[szDivId]);
  }
  if(elem) {
    if(res == 0) elem.innerHTML = msg1; else elem.innerHTML = msg2;
  }

}

function toggleAllBoxes() {
  if (document.getElementsByTagName) {
    d = document.getElementsByTagName('div');
    for (i = 0; i < d.length; i++) {
      if (d[i].className == 'log') {
        flip(d[i]);
      }
    }
  }
}

// -->
</script>

</head>
<body>
<h2 align='center'>Command line test</h2><table border='1' align="center">
<tr>
<td>Tests passed/Failed/Skipped:</td><td>12/0/0</td>
</tr><tr>
<td>Started on:</td><td>Wed Dec 12 22:42:23 CET 2012</td>
</tr>
<tr><td>Total time:</td><td>6 seconds (6501 ms)</td>
</tr><tr>
<td>Included groups:</td><td></td>
</tr><tr>
<td>Excluded groups:</td><td></td>
</tr>
</table><p/>
<small><i>(Hover the method name to see the test class name)</i></small><p/>
<table width='100%' border='1' class='invocation-passed'>
<tr><td colspan='4' align='center'><b>PASSED TESTS</b></td></tr>
<tr><td><b>Test method</b></td>
<td width="30%"><b>Exception</b></td>
<td width="10%"><b>Time (seconds)</b></td>
<td><b>Instance</b></td>
</tr>
<tr>
<td title='sh.calaba.driver.server.internal.impl.CalabashCapabilityMatcherTest.doesntMatchConsideredCapa()'><b>doesntMatchConsideredCapa</b><br>Test class: sh.calaba.driver.server.internal.impl.CalabashCapabilityMatcherTest</td>
<td></td>
<td>0</td>
<td>sh.calaba.driver.server.internal.impl.CalabashCapabilityMatcherTest@1813ed0e</td></tr>
<tr>
<td title='sh.calaba.driver.server.internal.impl.CalabashCapabilityMatcherTest.doesntMatchMinimumCapa()'><b>doesntMatchMinimumCapa</b><br>Test class: sh.calaba.driver.server.internal.impl.CalabashCapabilityMatcherTest</td>
<td></td>
<td>0</td>
<td>sh.calaba.driver.server.internal.impl.CalabashCapabilityMatcherTest@1813ed0e</td></tr>
<tr>
<td title='sh.calaba.driver.server.internal.impl.CalabashCapabilityMatcherTest.matchConsideredCapa()'><b>matchConsideredCapa</b><br>Test class: sh.calaba.driver.server.internal.impl.CalabashCapabilityMatcherTest</td>
<td></td>
<td>0</td>
<td>sh.calaba.driver.server.internal.impl.CalabashCapabilityMatcherTest@1813ed0e</td></tr>
<tr>
<td title='sh.calaba.driver.server.internal.impl.CalabashCapabilityMatcherTest.matchMinimumCapa()'><b>matchMinimumCapa</b><br>Test class: sh.calaba.driver.server.internal.impl.CalabashCapabilityMatcherTest</td>
<td></td>
<td>0</td>
<td>sh.calaba.driver.server.internal.impl.CalabashCapabilityMatcherTest@1813ed0e</td></tr>
<tr>
<td title='sh.calaba.driver.server.internal.impl.CalabashCapabilityMatcherTest.onlyDefaultCapabilitiesAreConsidered()'><b>onlyDefaultCapabilitiesAreConsidered</b><br>Test class: sh.calaba.driver.server.internal.impl.CalabashCapabilityMatcherTest</td>
<td></td>
<td>0</td>
<td>sh.calaba.driver.server.internal.impl.CalabashCapabilityMatcherTest@1813ed0e</td></tr>
<tr>
<td title='sh.calaba.driver.server.CalabashInstrumentationServerStubTest.runServer()'><b>runServer</b><br>Test class: sh.calaba.driver.server.CalabashInstrumentationServerStubTest</td>
<td></td>
<td>0</td>
<td>sh.calaba.driver.server.CalabashInstrumentationServerStubTest@3b562036</td></tr>
<tr>
<td title='sh.calaba.driver.server.CalabashNodeConfigurationTest.testReadConfigByFile()'><b>testReadConfigByFile</b><br>Test class: sh.calaba.driver.server.CalabashNodeConfigurationTest</td>
<td></td>
<td>0</td>
<td>sh.calaba.driver.server.CalabashNodeConfigurationTest@44303e7b</td></tr>
<tr>
<td title='sh.calaba.driver.server.CalabashNodeConfigurationTest.testReadConfigByFileInvalidFilePath()'><b>testReadConfigByFileInvalidFilePath</b><br>Test class: sh.calaba.driver.server.CalabashNodeConfigurationTest</td>
<td><div><pre>sh.calaba.driver.server.exceptions.CalabashConfigurationException: Error reading file content. Did you have specified the right file name and path?
	at sh.calaba.driver.server.CalabashNodeConfiguration.readFromFile(CalabashNodeConfiguration.java:92)
	at sh.calaba.driver.server.CalabashNodeConfigurationTest.testReadConfigByFileInvalidFilePath(CalabashNodeConfigurationTest.java:50)
	at org.apache.maven.surefire.testng.TestNGExecutor.run(TestNGExecutor.java:60)
	at org.apache.maven.surefire.testng.TestNGDirectoryTestSuite.executeMulti(TestNGDirectoryTestSuite.java:153)
	at org.apache.maven.surefire.testng.TestNGDirectoryTestSuite.execute(TestNGDirectoryTestSuite.java:99)
	at org.apache.maven.surefire.testng.TestNGProvider.invoke(TestNGProvider.java:111)
	at org.apache.maven.surefire.booter.ProviderFactory$ClassLoaderProxy.invoke(ProviderFactory.java:103)
	at $Proxy0.invoke(Unknown Source)
	at org.apache.maven.surefire.booter.SurefireStarter.invokeProvider(SurefireStarter.java:150)
	at org.apache.maven.surefire.booter.SurefireStarter.runSuitesInProcess(SurefireStarter.java:91)
	at org.apache.maven.surefire.booter.ForkedBooter.main(ForkedBooter.java:69)
Caused by: java.io.FileNotFoundException: File &apos;&apos; does not exist
	at org.apache.commons.io.FileUtils.openInputStream(FileUtils.java:254)
	at org.apache.commons.io.FileUtils.readFileToString(FileUtils.java:1641)
	at org.apache.commons.io.FileUtils.readFileToString(FileUtils.java:1659)
	at sh.calaba.driver.server.CalabashNodeConfiguration.readFromFile(CalabashNodeConfiguration.java:90)
	... 35 more
... Removed 25 stack frames</pre></div><a href='#' onClick='toggleBox("stack-trace1736027541", this, "Click to show all stack frames", "Click to hide stack frames")'>Click to show all stack frames</a>
<div class='stack-trace' id='stack-trace1736027541'><pre>sh.calaba.driver.server.exceptions.CalabashConfigurationException: Error reading file content. Did you have specified the right file name and path?
	at sh.calaba.driver.server.CalabashNodeConfiguration.readFromFile(CalabashNodeConfiguration.java:92)
	at sh.calaba.driver.server.CalabashNodeConfigurationTest.testReadConfigByFileInvalidFilePath(CalabashNodeConfigurationTest.java:50)
	at sun.reflect.NativeMethodAccessorImpl.invoke0(Native Method)
	at sun.reflect.NativeMethodAccessorImpl.invoke(NativeMethodAccessorImpl.java:57)
	at sun.reflect.DelegatingMethodAccessorImpl.invoke(DelegatingMethodAccessorImpl.java:43)
	at java.lang.reflect.Method.invoke(Method.java:601)
	at org.testng.internal.MethodInvocationHelper.invokeMethod(MethodInvocationHelper.java:80)
	at org.testng.internal.Invoker.invokeMethod(Invoker.java:691)
	at org.testng.internal.Invoker.invokeTestMethod(Invoker.java:883)
	at org.testng.internal.Invoker.invokeTestMethods(Invoker.java:1208)
	at org.testng.internal.TestMethodWorker.invokeTestMethods(TestMethodWorker.java:127)
	at org.testng.internal.TestMethodWorker.run(TestMethodWorker.java:111)
	at org.testng.TestRunner.privateRun(TestRunner.java:753)
	at org.testng.TestRunner.run(TestRunner.java:613)
	at org.testng.SuiteRunner.runTest(SuiteRunner.java:335)
	at org.testng.SuiteRunner.runSequentially(SuiteRunner.java:330)
	at org.testng.SuiteRunner.privateRun(SuiteRunner.java:292)
	at org.testng.SuiteRunner.run(SuiteRunner.java:241)
	at org.testng.SuiteRunnerWorker.runSuite(SuiteRunnerWorker.java:52)
	at org.testng.SuiteRunnerWorker.run(SuiteRunnerWorker.java:86)
	at org.testng.TestNG.runSuitesSequentially(TestNG.java:1169)
	at org.testng.TestNG.runSuitesLocally(TestNG.java:1094)
	at org.testng.TestNG.run(TestNG.java:1006)
	at org.apache.maven.surefire.testng.TestNGExecutor.run(TestNGExecutor.java:60)
	at org.apache.maven.surefire.testng.TestNGDirectoryTestSuite.executeMulti(TestNGDirectoryTestSuite.java:153)
	at org.apache.maven.surefire.testng.TestNGDirectoryTestSuite.execute(TestNGDirectoryTestSuite.java:99)
	at org.apache.maven.surefire.testng.TestNGProvider.invoke(TestNGProvider.java:111)
	at sun.reflect.NativeMethodAccessorImpl.invoke0(Native Method)
	at sun.reflect.NativeMethodAccessorImpl.invoke(NativeMethodAccessorImpl.java:57)
	at sun.reflect.DelegatingMethodAccessorImpl.invoke(DelegatingMethodAccessorImpl.java:43)
	at java.lang.reflect.Method.invoke(Method.java:601)
	at org.apache.maven.surefire.booter.ProviderFactory$ClassLoaderProxy.invoke(ProviderFactory.java:103)
	at $Proxy0.invoke(Unknown Source)
	at org.apache.maven.surefire.booter.SurefireStarter.invokeProvider(SurefireStarter.java:150)
	at org.apache.maven.surefire.booter.SurefireStarter.runSuitesInProcess(SurefireStarter.java:91)
	at org.apache.maven.surefire.booter.ForkedBooter.main(ForkedBooter.java:69)
Caused by: java.io.FileNotFoundException: File '' does not exist
	at org.apache.commons.io.FileUtils.openInputStream(FileUtils.java:254)
	at org.apache.commons.io.FileUtils.readFileToString(FileUtils.java:1641)
	at org.apache.commons.io.FileUtils.readFileToString(FileUtils.java:1659)
	at sh.calaba.driver.server.CalabashNodeConfiguration.readFromFile(CalabashNodeConfiguration.java:90)
	... 35 more
</pre></div></td>
<td>0</td>
<td>sh.calaba.driver.server.CalabashNodeConfigurationTest@44303e7b</td></tr>
<tr>
<td title='sh.calaba.driver.server.CalabashNodeConfigurationTest.testReadConfigByFileNullInput()'><b>testReadConfigByFileNullInput</b><br>Test class: sh.calaba.driver.server.CalabashNodeConfigurationTest</td>
<td><div><pre>java.security.InvalidParameterException: Calabash-Driver Configuration-File is missing. Pls specifiy name like: calabashNode.json
	at sh.calaba.driver.server.CalabashNodeConfiguration.readFromFile(CalabashNodeConfiguration.java:85)
	at sh.calaba.driver.server.CalabashNodeConfigurationTest.testReadConfigByFileNullInput(CalabashNodeConfigurationTest.java:55)
	at org.apache.maven.surefire.testng.TestNGExecutor.run(TestNGExecutor.java:60)
	at org.apache.maven.surefire.testng.TestNGDirectoryTestSuite.executeMulti(TestNGDirectoryTestSuite.java:153)
	at org.apache.maven.surefire.testng.TestNGDirectoryTestSuite.execute(TestNGDirectoryTestSuite.java:99)
	at org.apache.maven.surefire.testng.TestNGProvider.invoke(TestNGProvider.java:111)
	at org.apache.maven.surefire.booter.ProviderFactory$ClassLoaderProxy.invoke(ProviderFactory.java:103)
	at $Proxy0.invoke(Unknown Source)
	at org.apache.maven.surefire.booter.SurefireStarter.invokeProvider(SurefireStarter.java:150)
	at org.apache.maven.surefire.booter.SurefireStarter.runSuitesInProcess(SurefireStarter.java:91)
	at org.apache.maven.surefire.booter.ForkedBooter.main(ForkedBooter.java:69)
... Removed 25 stack frames</pre></div><a href='#' onClick='toggleBox("stack-trace1702053445", this, "Click to show all stack frames", "Click to hide stack frames")'>Click to show all stack frames</a>
<div class='stack-trace' id='stack-trace1702053445'><pre>java.security.InvalidParameterException: Calabash-Driver Configuration-File is missing. Pls specifiy name like: calabashNode.json
	at sh.calaba.driver.server.CalabashNodeConfiguration.readFromFile(CalabashNodeConfiguration.java:85)
	at sh.calaba.driver.server.CalabashNodeConfigurationTest.testReadConfigByFileNullInput(CalabashNodeConfigurationTest.java:55)
	at sun.reflect.NativeMethodAccessorImpl.invoke0(Native Method)
	at sun.reflect.NativeMethodAccessorImpl.invoke(NativeMethodAccessorImpl.java:57)
	at sun.reflect.DelegatingMethodAccessorImpl.invoke(DelegatingMethodAccessorImpl.java:43)
	at java.lang.reflect.Method.invoke(Method.java:601)
	at org.testng.internal.MethodInvocationHelper.invokeMethod(MethodInvocationHelper.java:80)
	at org.testng.internal.Invoker.invokeMethod(Invoker.java:691)
	at org.testng.internal.Invoker.invokeTestMethod(Invoker.java:883)
	at org.testng.internal.Invoker.invokeTestMethods(Invoker.java:1208)
	at org.testng.internal.TestMethodWorker.invokeTestMethods(TestMethodWorker.java:127)
	at org.testng.internal.TestMethodWorker.run(TestMethodWorker.java:111)
	at org.testng.TestRunner.privateRun(TestRunner.java:753)
	at org.testng.TestRunner.run(TestRunner.java:613)
	at org.testng.SuiteRunner.runTest(SuiteRunner.java:335)
	at org.testng.SuiteRunner.runSequentially(SuiteRunner.java:330)
	at org.testng.SuiteRunner.privateRun(SuiteRunner.java:292)
	at org.testng.SuiteRunner.run(SuiteRunner.java:241)
	at org.testng.SuiteRunnerWorker.runSuite(SuiteRunnerWorker.java:52)
	at org.testng.SuiteRunnerWorker.run(SuiteRunnerWorker.java:86)
	at org.testng.TestNG.runSuitesSequentially(TestNG.java:1169)
	at org.testng.TestNG.runSuitesLocally(TestNG.java:1094)
	at org.testng.TestNG.run(TestNG.java:1006)
	at org.apache.maven.surefire.testng.TestNGExecutor.run(TestNGExecutor.java:60)
	at org.apache.maven.surefire.testng.TestNGDirectoryTestSuite.executeMulti(TestNGDirectoryTestSuite.java:153)
	at org.apache.maven.surefire.testng.TestNGDirectoryTestSuite.execute(TestNGDirectoryTestSuite.java:99)
	at org.apache.maven.surefire.testng.TestNGProvider.invoke(TestNGProvider.java:111)
	at sun.reflect.NativeMethodAccessorImpl.invoke0(Native Method)
	at sun.reflect.NativeMethodAccessorImpl.invoke(NativeMethodAccessorImpl.java:57)
	at sun.reflect.DelegatingMethodAccessorImpl.invoke(DelegatingMethodAccessorImpl.java:43)
	at java.lang.reflect.Method.invoke(Method.java:601)
	at org.apache.maven.surefire.booter.ProviderFactory$ClassLoaderProxy.invoke(ProviderFactory.java:103)
	at $Proxy0.invoke(Unknown Source)
	at org.apache.maven.surefire.booter.SurefireStarter.invokeProvider(SurefireStarter.java:150)
	at org.apache.maven.surefire.booter.SurefireStarter.runSuitesInProcess(SurefireStarter.java:91)
	at org.apache.maven.surefire.booter.ForkedBooter.main(ForkedBooter.java:69)
</pre></div></td>
<td>0</td>
<td>sh.calaba.driver.server.CalabashNodeConfigurationTest@44303e7b</td></tr>
<tr>
<td title='sh.calaba.driver.server.CalabashNodeConfigurationTest.testReadConfigByURI()'><b>testReadConfigByURI</b><br>Test class: sh.calaba.driver.server.CalabashNodeConfigurationTest</td>
<td></td>
<td>3</td>
<td>sh.calaba.driver.server.CalabashNodeConfigurationTest@44303e7b</td></tr>
<tr>
<td title='sh.calaba.driver.server.CalabashNodeConfigurationTest.testReadConfigByURIInvalidURI()'><b>testReadConfigByURIInvalidURI</b><br>Test class: sh.calaba.driver.server.CalabashNodeConfigurationTest</td>
<td><div><pre>java.security.InvalidParameterException: Calabash-Driver Configuration-URI is invalid.
	at sh.calaba.driver.server.CalabashNodeConfiguration.readFromURI(CalabashNodeConfiguration.java:119)
	at sh.calaba.driver.server.CalabashNodeConfigurationTest.testReadConfigByURIInvalidURI(CalabashNodeConfigurationTest.java:60)
	at org.apache.maven.surefire.testng.TestNGExecutor.run(TestNGExecutor.java:60)
	at org.apache.maven.surefire.testng.TestNGDirectoryTestSuite.executeMulti(TestNGDirectoryTestSuite.java:153)
	at org.apache.maven.surefire.testng.TestNGDirectoryTestSuite.execute(TestNGDirectoryTestSuite.java:99)
	at org.apache.maven.surefire.testng.TestNGProvider.invoke(TestNGProvider.java:111)
	at org.apache.maven.surefire.booter.ProviderFactory$ClassLoaderProxy.invoke(ProviderFactory.java:103)
	at $Proxy0.invoke(Unknown Source)
	at org.apache.maven.surefire.booter.SurefireStarter.invokeProvider(SurefireStarter.java:150)
	at org.apache.maven.surefire.booter.SurefireStarter.runSuitesInProcess(SurefireStarter.java:91)
	at org.apache.maven.surefire.booter.ForkedBooter.main(ForkedBooter.java:69)
... Removed 25 stack frames</pre></div><a href='#' onClick='toggleBox("stack-trace989137021", this, "Click to show all stack frames", "Click to hide stack frames")'>Click to show all stack frames</a>
<div class='stack-trace' id='stack-trace989137021'><pre>java.security.InvalidParameterException: Calabash-Driver Configuration-URI is invalid.
	at sh.calaba.driver.server.CalabashNodeConfiguration.readFromURI(CalabashNodeConfiguration.java:119)
	at sh.calaba.driver.server.CalabashNodeConfigurationTest.testReadConfigByURIInvalidURI(CalabashNodeConfigurationTest.java:60)
	at sun.reflect.NativeMethodAccessorImpl.invoke0(Native Method)
	at sun.reflect.NativeMethodAccessorImpl.invoke(NativeMethodAccessorImpl.java:57)
	at sun.reflect.DelegatingMethodAccessorImpl.invoke(DelegatingMethodAccessorImpl.java:43)
	at java.lang.reflect.Method.invoke(Method.java:601)
	at org.testng.internal.MethodInvocationHelper.invokeMethod(MethodInvocationHelper.java:80)
	at org.testng.internal.Invoker.invokeMethod(Invoker.java:691)
	at org.testng.internal.Invoker.invokeTestMethod(Invoker.java:883)
	at org.testng.internal.Invoker.invokeTestMethods(Invoker.java:1208)
	at org.testng.internal.TestMethodWorker.invokeTestMethods(TestMethodWorker.java:127)
	at org.testng.internal.TestMethodWorker.run(TestMethodWorker.java:111)
	at org.testng.TestRunner.privateRun(TestRunner.java:753)
	at org.testng.TestRunner.run(TestRunner.java:613)
	at org.testng.SuiteRunner.runTest(SuiteRunner.java:335)
	at org.testng.SuiteRunner.runSequentially(SuiteRunner.java:330)
	at org.testng.SuiteRunner.privateRun(SuiteRunner.java:292)
	at org.testng.SuiteRunner.run(SuiteRunner.java:241)
	at org.testng.SuiteRunnerWorker.runSuite(SuiteRunnerWorker.java:52)
	at org.testng.SuiteRunnerWorker.run(SuiteRunnerWorker.java:86)
	at org.testng.TestNG.runSuitesSequentially(TestNG.java:1169)
	at org.testng.TestNG.runSuitesLocally(TestNG.java:1094)
	at org.testng.TestNG.run(TestNG.java:1006)
	at org.apache.maven.surefire.testng.TestNGExecutor.run(TestNGExecutor.java:60)
	at org.apache.maven.surefire.testng.TestNGDirectoryTestSuite.executeMulti(TestNGDirectoryTestSuite.java:153)
	at org.apache.maven.surefire.testng.TestNGDirectoryTestSuite.execute(TestNGDirectoryTestSuite.java:99)
	at org.apache.maven.surefire.testng.TestNGProvider.invoke(TestNGProvider.java:111)
	at sun.reflect.NativeMethodAccessorImpl.invoke0(Native Method)
	at sun.reflect.NativeMethodAccessorImpl.invoke(NativeMethodAccessorImpl.java:57)
	at sun.reflect.DelegatingMethodAccessorImpl.invoke(DelegatingMethodAccessorImpl.java:43)
	at java.lang.reflect.Method.invoke(Method.java:601)
	at org.apache.maven.surefire.booter.ProviderFactory$ClassLoaderProxy.invoke(ProviderFactory.java:103)
	at $Proxy0.invoke(Unknown Source)
	at org.apache.maven.surefire.booter.SurefireStarter.invokeProvider(SurefireStarter.java:150)
	at org.apache.maven.surefire.booter.SurefireStarter.runSuitesInProcess(SurefireStarter.java:91)
	at org.apache.maven.surefire.booter.ForkedBooter.main(ForkedBooter.java:69)
</pre></div></td>
<td>0</td>
<td>sh.calaba.driver.server.CalabashNodeConfigurationTest@44303e7b</td></tr>
<tr>
<td title='sh.calaba.driver.server.CalabashNodeConfigurationTest.testReadConfigByURINullInput()'><b>testReadConfigByURINullInput</b><br>Test class: sh.calaba.driver.server.CalabashNodeConfigurationTest</td>
<td><div><pre>java.security.InvalidParameterException: Calabash-Driver Configuration-URI is missing.
	at sh.calaba.driver.server.CalabashNodeConfiguration.readFromURI(CalabashNodeConfiguration.java:116)
	at sh.calaba.driver.server.CalabashNodeConfigurationTest.testReadConfigByURINullInput(CalabashNodeConfigurationTest.java:65)
	at org.apache.maven.surefire.testng.TestNGExecutor.run(TestNGExecutor.java:60)
	at org.apache.maven.surefire.testng.TestNGDirectoryTestSuite.executeMulti(TestNGDirectoryTestSuite.java:153)
	at org.apache.maven.surefire.testng.TestNGDirectoryTestSuite.execute(TestNGDirectoryTestSuite.java:99)
	at org.apache.maven.surefire.testng.TestNGProvider.invoke(TestNGProvider.java:111)
	at org.apache.maven.surefire.booter.ProviderFactory$ClassLoaderProxy.invoke(ProviderFactory.java:103)
	at $Proxy0.invoke(Unknown Source)
	at org.apache.maven.surefire.booter.SurefireStarter.invokeProvider(SurefireStarter.java:150)
	at org.apache.maven.surefire.booter.SurefireStarter.runSuitesInProcess(SurefireStarter.java:91)
	at org.apache.maven.surefire.booter.ForkedBooter.main(ForkedBooter.java:69)
... Removed 25 stack frames</pre></div><a href='#' onClick='toggleBox("stack-trace755000520", this, "Click to show all stack frames", "Click to hide stack frames")'>Click to show all stack frames</a>
<div class='stack-trace' id='stack-trace755000520'><pre>java.security.InvalidParameterException: Calabash-Driver Configuration-URI is missing.
	at sh.calaba.driver.server.CalabashNodeConfiguration.readFromURI(CalabashNodeConfiguration.java:116)
	at sh.calaba.driver.server.CalabashNodeConfigurationTest.testReadConfigByURINullInput(CalabashNodeConfigurationTest.java:65)
	at sun.reflect.NativeMethodAccessorImpl.invoke0(Native Method)
	at sun.reflect.NativeMethodAccessorImpl.invoke(NativeMethodAccessorImpl.java:57)
	at sun.reflect.DelegatingMethodAccessorImpl.invoke(DelegatingMethodAccessorImpl.java:43)
	at java.lang.reflect.Method.invoke(Method.java:601)
	at org.testng.internal.MethodInvocationHelper.invokeMethod(MethodInvocationHelper.java:80)
	at org.testng.internal.Invoker.invokeMethod(Invoker.java:691)
	at org.testng.internal.Invoker.invokeTestMethod(Invoker.java:883)
	at org.testng.internal.Invoker.invokeTestMethods(Invoker.java:1208)
	at org.testng.internal.TestMethodWorker.invokeTestMethods(TestMethodWorker.java:127)
	at org.testng.internal.TestMethodWorker.run(TestMethodWorker.java:111)
	at org.testng.TestRunner.privateRun(TestRunner.java:753)
	at org.testng.TestRunner.run(TestRunner.java:613)
	at org.testng.SuiteRunner.runTest(SuiteRunner.java:335)
	at org.testng.SuiteRunner.runSequentially(SuiteRunner.java:330)
	at org.testng.SuiteRunner.privateRun(SuiteRunner.java:292)
	at org.testng.SuiteRunner.run(SuiteRunner.java:241)
	at org.testng.SuiteRunnerWorker.runSuite(SuiteRunnerWorker.java:52)
	at org.testng.SuiteRunnerWorker.run(SuiteRunnerWorker.java:86)
	at org.testng.TestNG.runSuitesSequentially(TestNG.java:1169)
	at org.testng.TestNG.runSuitesLocally(TestNG.java:1094)
	at org.testng.TestNG.run(TestNG.java:1006)
	at org.apache.maven.surefire.testng.TestNGExecutor.run(TestNGExecutor.java:60)
	at org.apache.maven.surefire.testng.TestNGDirectoryTestSuite.executeMulti(TestNGDirectoryTestSuite.java:153)
	at org.apache.maven.surefire.testng.TestNGDirectoryTestSuite.execute(TestNGDirectoryTestSuite.java:99)
	at org.apache.maven.surefire.testng.TestNGProvider.invoke(TestNGProvider.java:111)
	at sun.reflect.NativeMethodAccessorImpl.invoke0(Native Method)
	at sun.reflect.NativeMethodAccessorImpl.invoke(NativeMethodAccessorImpl.java:57)
	at sun.reflect.DelegatingMethodAccessorImpl.invoke(DelegatingMethodAccessorImpl.java:43)
	at java.lang.reflect.Method.invoke(Method.java:601)
	at org.apache.maven.surefire.booter.ProviderFactory$ClassLoaderProxy.invoke(ProviderFactory.java:103)
	at $Proxy0.invoke(Unknown Source)
	at org.apache.maven.surefire.booter.SurefireStarter.invokeProvider(SurefireStarter.java:150)
	at org.apache.maven.surefire.booter.SurefireStarter.runSuitesInProcess(SurefireStarter.java:91)
	at org.apache.maven.surefire.booter.ForkedBooter.main(ForkedBooter.java:69)
</pre></div></td>
<td>0</td>
<td>sh.calaba.driver.server.CalabashNodeConfigurationTest@44303e7b</td></tr>
</table><p>
</body>
</html>